SF:lib\core\network\network_info.dart
DA:11,1
DA:13,1
DA:14,2
LF:3
LH:3
end_of_record
SF:lib\features\number_trivia\data\data_sources\number_trivia_local_data_source.dart
DA:19,1
DA:21,1
DA:23,2
DA:25,3
DA:27,0
DA:31,0
DA:33,0
DA:35,0
LF:8
LH:4
end_of_record
SF:lib\features\number_trivia\data\models\number_trivia_model.dart
DA:4,4
DA:6,2
DA:7,2
DA:8,2
DA:9,4
DA:15,1
DA:16,1
DA:17,1
DA:18,1
LF:9
LH:9
end_of_record
SF:lib\features\number_trivia\domain\entities\number_trivia.dart
DA:7,6
DA:12,2
DA:13,6
LF:3
LH:3
end_of_record
SF:lib\core\error\failures.dart
DA:4,1
DA:5,1
LF:2
LH:2
end_of_record
SF:lib\features\number_trivia\data\repositories\number_trivia_repository_impl.dart
DA:18,1
DA:24,1
DA:27,2
DA:28,2
DA:32,1
DA:34,2
DA:35,2
DA:39,1
DA:42,2
DA:44,1
DA:45,2
DA:46,1
DA:47,1
DA:48,2
DA:52,2
DA:53,1
DA:54,1
DA:55,2
LF:18
LH:18
end_of_record
SF:lib\features\number_trivia\domain\usecases\get_concrete_number_trivia.dart
DA:11,1
DA:13,1
DA:15,3
DA:22,1
DA:24,0
DA:25,0
LF:6
LH:4
end_of_record
SF:lib\core\usecases\usecase.dart
DA:10,0
DA:11,0
LF:2
LH:0
end_of_record
SF:lib\features\number_trivia\domain\usecases\get_random_number_trivia.dart
DA:10,1
DA:12,1
DA:14,2
LF:3
LH:3
end_of_record
