SF:lib\core\network\network_info.dart
DA:11,1
DA:13,1
DA:14,2
LF:3
LH:3
end_of_record
SF:lib\features\number_trivia\data\data_sources\number_trivia_local_data_source.dart
DA:19,1
DA:21,1
DA:23,2
DA:25,3
DA:27,1
DA:31,1
DA:33,2
DA:35,2
LF:8
LH:8
end_of_record
SF:lib\features\number_trivia\data\models\number_trivia_model.dart
DA:4,6
DA:6,2
DA:7,2
DA:8,2
DA:9,4
DA:15,2
DA:16,2
DA:17,2
DA:18,2
LF:9
LH:9
end_of_record
SF:lib\features\number_trivia\domain\entities\number_trivia.dart
DA:7,9
DA:12,3
DA:13,9
LF:3
LH:3
end_of_record
SF:lib\core\util\input_converter.dart
DA:5,1
DA:7,1
DA:8,1
DA:9,1
DA:10,1
DA:11,2
LF:6
LH:6
end_of_record
SF:lib\core\error\failures.dart
DA:4,2
DA:5,2
LF:2
LH:2
end_of_record
SF:lib\features\number_trivia\data\data_sources\number_trivia_remote_data_source.dart
DA:18,0
DA:20,0
DA:22,0
DA:24,0
DA:26,0
DA:28,0
DA:29,0
DA:30,0
DA:31,0
DA:36,0
DA:37,0
DA:39,0
LF:12
LH:0
end_of_record
SF:lib\features\number_trivia\data\repositories\number_trivia_repository_impl.dart
DA:18,1
DA:24,1
DA:27,2
DA:28,2
DA:32,1
DA:34,2
DA:35,2
DA:39,1
DA:42,2
DA:44,1
DA:45,2
DA:46,1
DA:47,1
DA:48,2
DA:52,2
DA:53,1
DA:54,1
DA:55,2
LF:18
LH:18
end_of_record
SF:lib\features\number_trivia\domain\usecases\get_concrete_number_trivia.dart
DA:11,1
DA:13,1
DA:15,3
DA:22,3
DA:24,1
DA:25,2
LF:6
LH:6
end_of_record
SF:lib\core\usecases\usecase.dart
DA:10,1
DA:11,1
LF:2
LH:2
end_of_record
SF:lib\features\number_trivia\domain\usecases\get_random_number_trivia.dart
DA:10,1
DA:12,1
DA:14,2
LF:3
LH:3
end_of_record
SF:lib\features\number_trivia\presentation\bloc\number_trivia_state.dart
DA:4,3
DA:6,1
DA:7,1
DA:18,2
DA:19,1
DA:20,2
DA:25,3
DA:27,1
DA:28,2
LF:9
LH:9
end_of_record
SF:lib\features\number_trivia\presentation\bloc\number_trivia_event.dart
DA:4,2
DA:6,0
DA:7,0
DA:13,1
DA:15,0
DA:16,0
LF:6
LH:2
end_of_record
SF:lib\features\number_trivia\presentation\bloc\number_trivia_bloc.dart
DA:26,1
DA:30,2
DA:31,2
DA:32,2
DA:35,1
DA:38,3
DA:40,1
DA:41,1
DA:42,1
DA:44,1
DA:45,2
DA:47,3
DA:48,1
DA:53,1
DA:55,2
DA:56,3
DA:57,1
DA:60,1
DA:64,1
DA:65,4
DA:66,3
DA:70,1
DA:71,1
DA:72,1
DA:74,1
LF:25
LH:25
end_of_record
